<?xml version="1.0" encoding="UTF-8"?>
<testng-results ignored="0" total="1" passed="1" failed="0" skipped="0">
  <reporter-output>
  </reporter-output>
  <suite started-at="2026-03-04T13:50:10Z" name="Surefire suite" finished-at="2026-03-04T13:50:10Z" duration-ms="20">
    <groups>
    </groups>
    <test started-at="2026-03-04T13:50:10Z" name="Surefire test" finished-at="2026-03-04T13:50:10Z" duration-ms="20">
      <class name="com.rne.history.AppTest">
        <test-method signature="testApp()[pri:0, instance:testApp(com.rne.history.AppTest)]" started-at="2026-03-04T14:50:10Z" name="testApp" finished-at="2026-03-04T14:50:10Z" duration-ms="7" status="PASS">
          <reporter-output>
          </reporter-output>
        </test-method> <!-- testApp -->
      </class> <!-- com.rne.history.AppTest -->
    </test> <!-- Surefire test -->
  </suite> <!-- Surefire suite -->
</testng-results>
